{
  "D:\\MARIA\\work\\weather_forecast\\src\\drawList.js": {
    "path": "D:\\MARIA\\work\\weather_forecast\\src\\drawList.js",
    "all": false,
    "statementMap": {
      "0": {
        "start": { "line": 1, "column": 0 },
        "end": { "line": 1, "column": 39 }
      },
      "1": {
        "start": { "line": 2, "column": 0 },
        "end": { "line": 2, "column": 23 }
      },
      "2": {
        "start": { "line": 3, "column": 0 },
        "end": { "line": 3, "column": 64 }
      },
      "3": {
        "start": { "line": 4, "column": 0 },
        "end": { "line": 4, "column": 58 }
      },
      "4": {
        "start": { "line": 5, "column": 0 },
        "end": { "line": 5, "column": 1 }
      }
    },
    "s": { "0": 1, "1": 1, "2": 1, "3": 1, "4": 1 },
    "branchMap": {
      "0": {
        "type": "branch",
        "line": 1,
        "loc": {
          "start": { "line": 1, "column": 7 },
          "end": { "line": 5, "column": 1 }
        },
        "locations": [
          {
            "start": { "line": 1, "column": 7 },
            "end": { "line": 5, "column": 1 }
          }
        ]
      },
      "1": {
        "type": "branch",
        "line": 3,
        "loc": {
          "start": { "line": 3, "column": 25 },
          "end": { "line": 3, "column": 26 }
        },
        "locations": [
          {
            "start": { "line": 3, "column": 25 },
            "end": { "line": 3, "column": 26 }
          }
        ]
      }
    },
    "b": { "0": [1], "1": [3] },
    "fnMap": {
      "0": {
        "name": "drawList",
        "decl": {
          "start": { "line": 1, "column": 7 },
          "end": { "line": 5, "column": 1 }
        },
        "loc": {
          "start": { "line": 1, "column": 7 },
          "end": { "line": 5, "column": 1 }
        },
        "line": 1
      }
    },
    "f": { "0": 1 }
  },
  "D:\\MARIA\\work\\weather_forecast\\src\\drawWeather.js": {
    "path": "D:\\MARIA\\work\\weather_forecast\\src\\drawWeather.js",
    "all": false,
    "statementMap": {
      "0": {
        "start": { "line": 1, "column": 0 },
        "end": { "line": 1, "column": 41 }
      },
      "1": {
        "start": { "line": 2, "column": 0 },
        "end": { "line": 2, "column": 23 }
      },
      "2": {
        "start": { "line": 3, "column": 0 },
        "end": { "line": 3, "column": 23 }
      },
      "3": {
        "start": { "line": 4, "column": 0 },
        "end": { "line": 4, "column": 4 }
      },
      "4": {
        "start": { "line": 5, "column": 0 },
        "end": { "line": 5, "column": 29 }
      },
      "5": {
        "start": { "line": 6, "column": 0 },
        "end": { "line": 6, "column": 36 }
      },
      "6": {
        "start": { "line": 7, "column": 0 },
        "end": { "line": 7, "column": 59 }
      },
      "7": {
        "start": { "line": 8, "column": 0 },
        "end": { "line": 8, "column": 55 }
      },
      "8": {
        "start": { "line": 9, "column": 0 },
        "end": { "line": 9, "column": 64 }
      },
      "9": {
        "start": { "line": 10, "column": 0 },
        "end": { "line": 10, "column": 56 }
      },
      "10": {
        "start": { "line": 11, "column": 0 },
        "end": { "line": 11, "column": 73 }
      },
      "11": {
        "start": { "line": 12, "column": 0 },
        "end": { "line": 12, "column": 6 }
      },
      "12": {
        "start": { "line": 13, "column": 0 },
        "end": { "line": 13, "column": 68 }
      },
      "13": {
        "start": { "line": 14, "column": 0 },
        "end": { "line": 14, "column": 26 }
      },
      "14": {
        "start": { "line": 15, "column": 0 },
        "end": { "line": 15, "column": 20 }
      },
      "15": {
        "start": { "line": 16, "column": 0 },
        "end": { "line": 16, "column": 14 }
      },
      "16": {
        "start": { "line": 17, "column": 0 },
        "end": { "line": 17, "column": 1 }
      }
    },
    "s": {
      "0": 1,
      "1": 1,
      "2": 1,
      "3": 1,
      "4": 1,
      "5": 1,
      "6": 1,
      "7": 1,
      "8": 1,
      "9": 1,
      "10": 1,
      "11": 1,
      "12": 1,
      "13": 1,
      "14": 1,
      "15": 1,
      "16": 1
    },
    "branchMap": {
      "0": {
        "type": "branch",
        "line": 1,
        "loc": {
          "start": { "line": 1, "column": 7 },
          "end": { "line": 17, "column": 1 }
        },
        "locations": [
          {
            "start": { "line": 1, "column": 7 },
            "end": { "line": 17, "column": 1 }
          }
        ]
      }
    },
    "b": { "0": [1] },
    "fnMap": {
      "0": {
        "name": "drawWeather",
        "decl": {
          "start": { "line": 1, "column": 7 },
          "end": { "line": 17, "column": 1 }
        },
        "loc": {
          "start": { "line": 1, "column": 7 },
          "end": { "line": 17, "column": 1 }
        },
        "line": 1
      }
    },
    "f": { "0": 1 }
  },
  "D:\\MARIA\\work\\weather_forecast\\src\\getCity.js": {
    "path": "D:\\MARIA\\work\\weather_forecast\\src\\getCity.js",
    "all": false,
    "statementMap": {
      "0": {
        "start": { "line": 1, "column": 0 },
        "end": { "line": 1, "column": 33 }
      },
      "1": {
        "start": { "line": 2, "column": 0 },
        "end": { "line": 2, "column": 14 }
      },
      "2": {
        "start": { "line": 3, "column": 0 },
        "end": { "line": 3, "column": 7 }
      },
      "3": {
        "start": { "line": 4, "column": 0 },
        "end": { "line": 4, "column": 54 }
      },
      "4": {
        "start": { "line": 5, "column": 0 },
        "end": { "line": 5, "column": 38 }
      },
      "5": {
        "start": { "line": 6, "column": 0 },
        "end": { "line": 6, "column": 36 }
      },
      "6": {
        "start": { "line": 7, "column": 0 },
        "end": { "line": 7, "column": 15 }
      },
      "7": {
        "start": { "line": 8, "column": 0 },
        "end": { "line": 8, "column": 37 }
      },
      "8": {
        "start": { "line": 9, "column": 0 },
        "end": { "line": 9, "column": 3 }
      },
      "9": {
        "start": { "line": 10, "column": 0 },
        "end": { "line": 10, "column": 22 }
      },
      "10": {
        "start": { "line": 11, "column": 0 },
        "end": { "line": 11, "column": 1 }
      }
    },
    "s": {
      "0": 1,
      "1": 1,
      "2": 1,
      "3": 1,
      "4": 1,
      "5": 1,
      "6": 1,
      "7": 1,
      "8": 1,
      "9": 1,
      "10": 1
    },
    "branchMap": {
      "0": {
        "type": "branch",
        "line": 1,
        "loc": {
          "start": { "line": 1, "column": 7 },
          "end": { "line": 1, "column": 22 }
        },
        "locations": [
          {
            "start": { "line": 1, "column": 7 },
            "end": { "line": 1, "column": 22 }
          }
        ]
      },
      "1": {
        "type": "branch",
        "line": 1,
        "loc": {
          "start": { "line": 1, "column": 7 },
          "end": { "line": 1, "column": 22 }
        },
        "locations": [
          {
            "start": { "line": 1, "column": 7 },
            "end": { "line": 1, "column": 22 }
          }
        ]
      },
      "2": {
        "type": "branch",
        "line": 1,
        "loc": {
          "start": { "line": 1, "column": 7 },
          "end": { "line": 1, "column": 22 }
        },
        "locations": [
          {
            "start": { "line": 1, "column": 7 },
            "end": { "line": 1, "column": 22 }
          }
        ]
      },
      "3": {
        "type": "branch",
        "line": 1,
        "loc": {
          "start": { "line": 1, "column": 7 },
          "end": { "line": 1, "column": 22 }
        },
        "locations": [
          {
            "start": { "line": 1, "column": 7 },
            "end": { "line": 1, "column": 22 }
          }
        ]
      },
      "4": {
        "type": "branch",
        "line": 1,
        "loc": {
          "start": { "line": 1, "column": 7 },
          "end": { "line": 1, "column": 22 }
        },
        "locations": [
          {
            "start": { "line": 1, "column": 7 },
            "end": { "line": 1, "column": 22 }
          }
        ]
      },
      "5": {
        "type": "branch",
        "line": 1,
        "loc": {
          "start": { "line": 1, "column": 7 },
          "end": { "line": 1, "column": 22 }
        },
        "locations": [
          {
            "start": { "line": 1, "column": 7 },
            "end": { "line": 1, "column": 22 }
          }
        ]
      },
      "6": {
        "type": "branch",
        "line": 1,
        "loc": {
          "start": { "line": 1, "column": 7 },
          "end": { "line": 1, "column": 22 }
        },
        "locations": [
          {
            "start": { "line": 1, "column": 7 },
            "end": { "line": 1, "column": 22 }
          }
        ]
      },
      "7": {
        "type": "branch",
        "line": 1,
        "loc": {
          "start": { "line": 1, "column": 7 },
          "end": { "line": 1, "column": 22 }
        },
        "locations": [
          {
            "start": { "line": 1, "column": 7 },
            "end": { "line": 1, "column": 22 }
          }
        ]
      },
      "8": {
        "type": "branch",
        "line": 1,
        "loc": {
          "start": { "line": 1, "column": 7 },
          "end": { "line": 1, "column": 22 }
        },
        "locations": [
          {
            "start": { "line": 1, "column": 7 },
            "end": { "line": 1, "column": 22 }
          }
        ]
      },
      "9": {
        "type": "branch",
        "line": 1,
        "loc": {
          "start": { "line": 1, "column": 7 },
          "end": { "line": 1, "column": 22 }
        },
        "locations": [
          {
            "start": { "line": 1, "column": 7 },
            "end": { "line": 1, "column": 22 }
          }
        ]
      }
    },
    "b": {
      "0": [1],
      "1": [4],
      "2": [5],
      "3": [1],
      "4": [1],
      "5": [1],
      "6": [0],
      "7": [1],
      "8": [0],
      "9": [1]
    },
    "fnMap": {
      "0": {
        "name": "_callee",
        "decl": {
          "start": { "line": 1, "column": 7 },
          "end": { "line": 1, "column": 22 }
        },
        "loc": {
          "start": { "line": 1, "column": 7 },
          "end": { "line": 1, "column": 22 }
        },
        "line": 1
      },
      "1": {
        "name": "_callee$",
        "decl": {
          "start": { "line": 1, "column": 7 },
          "end": { "line": 1, "column": 22 }
        },
        "loc": {
          "start": { "line": 1, "column": 7 },
          "end": { "line": 1, "column": 22 }
        },
        "line": 1
      }
    },
    "f": { "0": 1, "1": 4 }
  },
  "D:\\MARIA\\work\\weather_forecast\\src\\getWeather.js": {
    "path": "D:\\MARIA\\work\\weather_forecast\\src\\getWeather.js",
    "all": false,
    "statementMap": {
      "0": {
        "start": { "line": 1, "column": 0 },
        "end": { "line": 1, "column": 54 }
      },
      "1": {
        "start": { "line": 2, "column": 0 },
        "end": { "line": 2, "column": 10 }
      },
      "2": {
        "start": { "line": 3, "column": 0 },
        "end": { "line": 3, "column": 50 }
      },
      "3": {
        "start": { "line": 4, "column": 0 },
        "end": { "line": 4, "column": 36 }
      },
      "4": {
        "start": { "line": 5, "column": 0 },
        "end": { "line": 5, "column": 104 }
      },
      "5": {
        "start": { "line": 6, "column": 0 },
        "end": { "line": 6, "column": 0 }
      },
      "6": {
        "start": { "line": 7, "column": 0 },
        "end": { "line": 7, "column": 9 }
      },
      "7": {
        "start": { "line": 8, "column": 0 },
        "end": { "line": 8, "column": 0 }
      },
      "8": {
        "start": { "line": 9, "column": 0 },
        "end": { "line": 9, "column": 26 }
      },
      "9": {
        "start": { "line": 10, "column": 0 },
        "end": { "line": 10, "column": 16 }
      },
      "10": {
        "start": { "line": 11, "column": 0 },
        "end": { "line": 11, "column": 28 }
      },
      "11": {
        "start": { "line": 12, "column": 0 },
        "end": { "line": 12, "column": 4 }
      },
      "12": {
        "start": { "line": 13, "column": 0 },
        "end": { "line": 13, "column": 4 }
      },
      "13": {
        "start": { "line": 14, "column": 0 },
        "end": { "line": 14, "column": 0 }
      },
      "14": {
        "start": { "line": 15, "column": 0 },
        "end": { "line": 15, "column": 51 }
      },
      "15": {
        "start": { "line": 16, "column": 0 },
        "end": { "line": 16, "column": 7 }
      },
      "16": {
        "start": { "line": 17, "column": 0 },
        "end": { "line": 17, "column": 47 }
      },
      "17": {
        "start": { "line": 18, "column": 0 },
        "end": { "line": 18, "column": 33 }
      },
      "18": {
        "start": { "line": 19, "column": 0 },
        "end": { "line": 19, "column": 101 }
      },
      "19": {
        "start": { "line": 20, "column": 0 },
        "end": { "line": 20, "column": 6 }
      },
      "20": {
        "start": { "line": 21, "column": 0 },
        "end": { "line": 21, "column": 22 }
      },
      "21": {
        "start": { "line": 22, "column": 0 },
        "end": { "line": 22, "column": 41 }
      },
      "22": {
        "start": { "line": 23, "column": 0 },
        "end": { "line": 23, "column": 18 }
      },
      "23": {
        "start": { "line": 24, "column": 0 },
        "end": { "line": 24, "column": 5 }
      },
      "24": {
        "start": { "line": 25, "column": 0 },
        "end": { "line": 25, "column": 36 }
      },
      "25": {
        "start": { "line": 26, "column": 0 },
        "end": { "line": 26, "column": 15 }
      },
      "26": {
        "start": { "line": 27, "column": 0 },
        "end": { "line": 27, "column": 19 }
      },
      "27": {
        "start": { "line": 28, "column": 0 },
        "end": { "line": 28, "column": 3 }
      },
      "28": {
        "start": { "line": 29, "column": 0 },
        "end": { "line": 29, "column": 14 }
      },
      "29": {
        "start": { "line": 30, "column": 0 },
        "end": { "line": 30, "column": 1 }
      }
    },
    "s": {
      "0": 1,
      "1": 1,
      "2": 1,
      "3": 1,
      "4": 1,
      "5": 1,
      "6": 1,
      "7": 1,
      "8": 1,
      "9": 1,
      "10": 1,
      "11": 1,
      "12": 1,
      "13": 1,
      "14": 1,
      "15": 1,
      "16": 1,
      "17": 1,
      "18": 1,
      "19": 1,
      "20": 1,
      "21": 1,
      "22": 1,
      "23": 1,
      "24": 1,
      "25": 1,
      "26": 1,
      "27": 1,
      "28": 1,
      "29": 1
    },
    "branchMap": {
      "0": {
        "type": "branch",
        "line": 15,
        "loc": {
          "start": { "line": 15, "column": 7 },
          "end": { "line": 15, "column": 22 }
        },
        "locations": [
          {
            "start": { "line": 15, "column": 7 },
            "end": { "line": 15, "column": 22 }
          }
        ]
      },
      "1": {
        "type": "branch",
        "line": 15,
        "loc": {
          "start": { "line": 15, "column": 7 },
          "end": { "line": 15, "column": 22 }
        },
        "locations": [
          {
            "start": { "line": 15, "column": 7 },
            "end": { "line": 15, "column": 22 }
          }
        ]
      },
      "2": {
        "type": "branch",
        "line": 15,
        "loc": {
          "start": { "line": 15, "column": 7 },
          "end": { "line": 15, "column": 22 }
        },
        "locations": [
          {
            "start": { "line": 15, "column": 7 },
            "end": { "line": 15, "column": 22 }
          }
        ]
      },
      "3": {
        "type": "branch",
        "line": 15,
        "loc": {
          "start": { "line": 15, "column": 7 },
          "end": { "line": 15, "column": 22 }
        },
        "locations": [
          {
            "start": { "line": 15, "column": 7 },
            "end": { "line": 15, "column": 22 }
          }
        ]
      },
      "4": {
        "type": "branch",
        "line": 15,
        "loc": {
          "start": { "line": 15, "column": 7 },
          "end": { "line": 15, "column": 22 }
        },
        "locations": [
          {
            "start": { "line": 15, "column": 7 },
            "end": { "line": 15, "column": 22 }
          }
        ]
      },
      "5": {
        "type": "branch",
        "line": 15,
        "loc": {
          "start": { "line": 15, "column": 7 },
          "end": { "line": 15, "column": 22 }
        },
        "locations": [
          {
            "start": { "line": 15, "column": 7 },
            "end": { "line": 15, "column": 22 }
          }
        ]
      },
      "6": {
        "type": "branch",
        "line": 15,
        "loc": {
          "start": { "line": 15, "column": 7 },
          "end": { "line": 15, "column": 22 }
        },
        "locations": [
          {
            "start": { "line": 15, "column": 7 },
            "end": { "line": 15, "column": 22 }
          }
        ]
      },
      "7": {
        "type": "branch",
        "line": 15,
        "loc": {
          "start": { "line": 15, "column": 7 },
          "end": { "line": 27, "column": 11 }
        },
        "locations": [
          {
            "start": { "line": 15, "column": 7 },
            "end": { "line": 27, "column": 11 }
          }
        ]
      },
      "8": {
        "type": "branch",
        "line": 15,
        "loc": {
          "start": { "line": 15, "column": 7 },
          "end": { "line": 15, "column": 22 }
        },
        "locations": [
          {
            "start": { "line": 15, "column": 7 },
            "end": { "line": 15, "column": 22 }
          }
        ]
      },
      "9": {
        "type": "branch",
        "line": 15,
        "loc": {
          "start": { "line": 15, "column": 7 },
          "end": { "line": 15, "column": 22 }
        },
        "locations": [
          {
            "start": { "line": 15, "column": 7 },
            "end": { "line": 15, "column": 22 }
          }
        ]
      },
      "10": {
        "type": "branch",
        "line": 15,
        "loc": {
          "start": { "line": 15, "column": 7 },
          "end": { "line": 15, "column": 22 }
        },
        "locations": [
          {
            "start": { "line": 15, "column": 7 },
            "end": { "line": 15, "column": 22 }
          }
        ]
      }
    },
    "b": {
      "0": [2],
      "1": [7],
      "2": [2],
      "3": [1],
      "4": [0],
      "5": [1],
      "6": [0],
      "7": [1],
      "8": [1],
      "9": [0],
      "10": [2]
    },
    "fnMap": {
      "0": {
        "name": "_callee",
        "decl": {
          "start": { "line": 15, "column": 7 },
          "end": { "line": 15, "column": 22 }
        },
        "loc": {
          "start": { "line": 15, "column": 7 },
          "end": { "line": 15, "column": 22 }
        },
        "line": 15
      },
      "1": {
        "name": "_callee$",
        "decl": {
          "start": { "line": 15, "column": 7 },
          "end": { "line": 15, "column": 22 }
        },
        "loc": {
          "start": { "line": 15, "column": 7 },
          "end": { "line": 15, "column": 22 }
        },
        "line": 15
      }
    },
    "f": { "0": 2, "1": 7 }
  },
  "D:\\MARIA\\work\\weather_forecast\\src\\readList.js": {
    "path": "D:\\MARIA\\work\\weather_forecast\\src\\readList.js",
    "all": false,
    "statementMap": {
      "0": {
        "start": { "line": 1, "column": 0 },
        "end": { "line": 1, "column": 34 }
      },
      "1": {
        "start": { "line": 2, "column": 0 },
        "end": { "line": 2, "column": 57 }
      },
      "2": {
        "start": { "line": 3, "column": 0 },
        "end": { "line": 3, "column": 1 }
      }
    },
    "s": { "0": 1, "1": 1, "2": 1 },
    "branchMap": {
      "0": {
        "type": "branch",
        "line": 1,
        "loc": {
          "start": { "line": 1, "column": 7 },
          "end": { "line": 1, "column": 22 }
        },
        "locations": [
          {
            "start": { "line": 1, "column": 7 },
            "end": { "line": 1, "column": 22 }
          }
        ]
      },
      "1": {
        "type": "branch",
        "line": 1,
        "loc": {
          "start": { "line": 1, "column": 7 },
          "end": { "line": 1, "column": 22 }
        },
        "locations": [
          {
            "start": { "line": 1, "column": 7 },
            "end": { "line": 1, "column": 22 }
          }
        ]
      },
      "2": {
        "type": "branch",
        "line": 1,
        "loc": {
          "start": { "line": 1, "column": 7 },
          "end": { "line": 1, "column": 22 }
        },
        "locations": [
          {
            "start": { "line": 1, "column": 7 },
            "end": { "line": 1, "column": 22 }
          }
        ]
      },
      "3": {
        "type": "branch",
        "line": 2,
        "loc": {
          "start": { "line": 2, "column": 9 },
          "end": { "line": 2, "column": 57 }
        },
        "locations": [
          {
            "start": { "line": 2, "column": 9 },
            "end": { "line": 2, "column": 57 }
          }
        ]
      },
      "4": {
        "type": "branch",
        "line": 1,
        "loc": {
          "start": { "line": 1, "column": 7 },
          "end": { "line": 1, "column": 22 }
        },
        "locations": [
          {
            "start": { "line": 1, "column": 7 },
            "end": { "line": 1, "column": 22 }
          }
        ]
      },
      "5": {
        "type": "branch",
        "line": 1,
        "loc": {
          "start": { "line": 1, "column": 7 },
          "end": { "line": 1, "column": 22 }
        },
        "locations": [
          {
            "start": { "line": 1, "column": 7 },
            "end": { "line": 1, "column": 22 }
          }
        ]
      }
    },
    "b": { "0": [2], "1": [4], "2": [2], "3": [0], "4": [0], "5": [2] },
    "fnMap": {
      "0": {
        "name": "_callee",
        "decl": {
          "start": { "line": 1, "column": 7 },
          "end": { "line": 1, "column": 22 }
        },
        "loc": {
          "start": { "line": 1, "column": 7 },
          "end": { "line": 1, "column": 22 }
        },
        "line": 1
      },
      "1": {
        "name": "_callee$",
        "decl": {
          "start": { "line": 1, "column": 7 },
          "end": { "line": 1, "column": 22 }
        },
        "loc": {
          "start": { "line": 1, "column": 7 },
          "end": { "line": 1, "column": 22 }
        },
        "line": 1
      }
    },
    "f": { "0": 2, "1": 4 }
  },
  "D:\\MARIA\\work\\weather_forecast\\src\\saveList.js": {
    "path": "D:\\MARIA\\work\\weather_forecast\\src\\saveList.js",
    "all": false,
    "statementMap": {
      "0": {
        "start": { "line": 1, "column": 0 },
        "end": { "line": 1, "column": 33 }
      },
      "1": {
        "start": { "line": 2, "column": 0 },
        "end": { "line": 2, "column": 55 }
      },
      "2": {
        "start": { "line": 3, "column": 0 },
        "end": { "line": 3, "column": 1 }
      }
    },
    "s": { "0": 1, "1": 2, "2": 2 },
    "branchMap": {
      "0": {
        "type": "branch",
        "line": 1,
        "loc": {
          "start": { "line": 1, "column": 7 },
          "end": { "line": 3, "column": 1 }
        },
        "locations": [
          {
            "start": { "line": 1, "column": 7 },
            "end": { "line": 3, "column": 1 }
          }
        ]
      }
    },
    "b": { "0": [2] },
    "fnMap": {
      "0": {
        "name": "saveList",
        "decl": {
          "start": { "line": 1, "column": 7 },
          "end": { "line": 3, "column": 1 }
        },
        "loc": {
          "start": { "line": 1, "column": 7 },
          "end": { "line": 3, "column": 1 }
        },
        "line": 1
      }
    },
    "f": { "0": 2 }
  }
}
