TN:
SF:src\drawList.js
FN:1,drawList
FNF:1
FNH:1
FNDA:1,drawList
DA:1,1
DA:2,1
DA:3,1
DA:4,1
DA:5,1
LF:5
LH:5
BRDA:1,0,0,1
BRDA:3,1,0,3
BRF:2
BRH:2
end_of_record
TN:
SF:src\drawWeather.js
FN:1,drawWeather
FNF:1
FNH:1
FNDA:1,drawWeather
DA:1,1
DA:2,1
DA:3,1
DA:4,1
DA:5,1
DA:6,1
DA:7,1
DA:8,1
DA:9,1
DA:10,1
DA:11,1
DA:12,1
DA:13,1
LF:13
LH:13
BRDA:1,0,0,1
BRF:1
BRH:1
end_of_record
TN:
SF:src\getCity.js
FN:1,_callee
FN:1,_callee$
FNF:2
FNH:2
FNDA:1,_callee
FNDA:4,_callee$
DA:1,1
DA:2,1
DA:3,1
DA:4,1
DA:5,1
DA:6,1
DA:7,1
DA:8,1
DA:9,1
DA:10,1
DA:11,1
LF:11
LH:11
BRDA:1,0,0,1
BRDA:1,1,0,4
BRDA:1,2,0,5
BRDA:1,3,0,1
BRDA:1,4,0,1
BRDA:1,5,0,1
BRDA:1,6,0,0
BRDA:1,7,0,1
BRDA:1,8,0,0
BRDA:1,9,0,1
BRF:10
BRH:8
end_of_record
TN:
SF:src\getWeather.js
FN:1,_callee
FN:1,_callee$
FNF:2
FNH:2
FNDA:2,_callee
FNDA:7,_callee$
DA:1,1
DA:2,1
DA:3,1
DA:4,1
DA:5,1
DA:6,1
DA:7,1
DA:8,1
DA:9,1
DA:10,1
DA:11,1
DA:12,1
DA:13,1
DA:14,1
DA:15,1
DA:16,1
LF:16
LH:16
BRDA:1,0,0,2
BRDA:1,1,0,7
BRDA:1,2,0,2
BRDA:1,3,0,1
BRDA:1,4,0,0
BRDA:1,5,0,1
BRDA:1,6,0,0
BRDA:1,7,0,1
BRDA:1,8,0,1
BRDA:1,9,0,0
BRDA:1,10,0,2
BRF:11
BRH:8
end_of_record
TN:
SF:src\readList.js
FN:1,_callee
FN:1,_callee$
FNF:2
FNH:2
FNDA:2,_callee
FNDA:4,_callee$
DA:1,1
DA:2,1
DA:3,1
LF:3
LH:3
BRDA:1,0,0,2
BRDA:1,1,0,4
BRDA:1,2,0,2
BRDA:2,3,0,0
BRDA:1,4,0,0
BRDA:1,5,0,2
BRF:6
BRH:4
end_of_record
TN:
SF:src\saveList.js
FN:1,saveList
FNF:1
FNH:1
FNDA:2,saveList
DA:1,1
DA:2,2
DA:3,2
LF:3
LH:3
BRDA:1,0,0,2
BRF:1
BRH:1
end_of_record
